This is pdfTeX, Version 3.1415926-2.5-1.40.14 (TeX Live 2013/Debian) (format=pdflatex 2015.12.10)  10 AUG 2016 17:45
entering extended mode
 restricted \write18 enabled.
 %&-line parsing enabled.
**proposal.tex
(./proposal.tex
LaTeX2e <2011/06/27>
Babel <3.9h> and hyphenation patterns for 78 languages loaded.
(/usr/share/texlive/texmf-dist/tex/latex/base/article.cls
Document Class: article 2007/10/19 v1.4h Standard LaTeX document class
(/usr/share/texlive/texmf-dist/tex/latex/base/size12.clo
File: size12.clo 2007/10/19 v1.4h Standard LaTeX file (size option)
)
\c@part=\count79
\c@section=\count80
\c@subsection=\count81
\c@subsubsection=\count82
\c@paragraph=\count83
\c@subparagraph=\count84
\c@figure=\count85
\c@table=\count86
\abovecaptionskip=\skip41
\belowcaptionskip=\skip42
\bibindent=\dimen102
)
(/usr/share/texlive/texmf-dist/tex/latex/hyperref/hyperref.sty
Package: hyperref 2012/11/06 v6.83m Hypertext links for LaTeX

(/usr/share/texlive/texmf-dist/tex/generic/oberdiek/hobsub-hyperref.sty
Package: hobsub-hyperref 2012/05/28 v1.13 Bundle oberdiek, subset hyperref (HO)


(/usr/share/texlive/texmf-dist/tex/generic/oberdiek/hobsub-generic.sty
Package: hobsub-generic 2012/05/28 v1.13 Bundle oberdiek, subset generic (HO)
Package: hobsub 2012/05/28 v1.13 Construct package bundles (HO)
Package: infwarerr 2010/04/08 v1.3 Providing info/warning/error messages (HO)
Package: ltxcmds 2011/11/09 v1.22 LaTeX kernel commands for general use (HO)
Package: ifluatex 2010/03/01 v1.3 Provides the ifluatex switch (HO)
Package ifluatex Info: LuaTeX not detected.
Package: ifvtex 2010/03/01 v1.5 Detect VTeX and its facilities (HO)
Package ifvtex Info: VTeX not detected.
Package: intcalc 2007/09/27 v1.1 Expandable calculations with integers (HO)
Package: ifpdf 2011/01/30 v2.3 Provides the ifpdf switch (HO)
Package ifpdf Info: pdfTeX in PDF mode is detected.
Package: etexcmds 2011/02/16 v1.5 Avoid name clashes with e-TeX commands (HO)
Package etexcmds Info: Could not find \expanded.
(etexcmds)             That can mean that you are not using pdfTeX 1.50 or
(etexcmds)             that some package has redefined \expanded.
(etexcmds)             In the latter case, load this package earlier.
Package: kvsetkeys 2012/04/25 v1.16 Key value parser (HO)
Package: kvdefinekeys 2011/04/07 v1.3 Define keys (HO)
Package: pdftexcmds 2011/11/29 v0.20 Utility functions of pdfTeX for LuaTeX (HO
)
Package pdftexcmds Info: LuaTeX not detected.
Package pdftexcmds Info: \pdf@primitive is available.
Package pdftexcmds Info: \pdf@ifprimitive is available.
Package pdftexcmds Info: \pdfdraftmode found.
Package: pdfescape 2011/11/25 v1.13 Implements pdfTeX's escape features (HO)
Package: bigintcalc 2012/04/08 v1.3 Expandable calculations on big integers (HO
)
Package: bitset 2011/01/30 v1.1 Handle bit-vector datatype (HO)
Package: uniquecounter 2011/01/30 v1.2 Provide unlimited unique counter (HO)
)
Package hobsub Info: Skipping package `hobsub' (already loaded).
Package: letltxmacro 2010/09/02 v1.4 Let assignment for LaTeX macros (HO)
Package: hopatch 2012/05/28 v1.2 Wrapper for package hooks (HO)
Package: xcolor-patch 2011/01/30 xcolor patch
Package: atveryend 2011/06/30 v1.8 Hooks at the very end of document (HO)
Package atveryend Info: \enddocument detected (standard20110627).
Package: atbegshi 2011/10/05 v1.16 At begin shipout hook (HO)
Package: refcount 2011/10/16 v3.4 Data extraction from label references (HO)
Package: hycolor 2011/01/30 v1.7 Color options for hyperref/bookmark (HO)
)
(/usr/share/texlive/texmf-dist/tex/latex/graphics/keyval.sty
Package: keyval 1999/03/16 v1.13 key=value parser (DPC)
\KV@toks@=\toks14
)
(/usr/share/texlive/texmf-dist/tex/generic/ifxetex/ifxetex.sty
Package: ifxetex 2010/09/12 v0.6 Provides ifxetex conditional
)
(/usr/share/texlive/texmf-dist/tex/latex/oberdiek/auxhook.sty
Package: auxhook 2011/03/04 v1.3 Hooks for auxiliary files (HO)
)
(/usr/share/texlive/texmf-dist/tex/latex/oberdiek/kvoptions.sty
Package: kvoptions 2011/06/30 v3.11 Key value format for package options (HO)
)
\@linkdim=\dimen103
\Hy@linkcounter=\count87
\Hy@pagecounter=\count88

(/usr/share/texlive/texmf-dist/tex/latex/hyperref/pd1enc.def
File: pd1enc.def 2012/11/06 v6.83m Hyperref: PDFDocEncoding definition (HO)
)
\Hy@SavedSpaceFactor=\count89

(/usr/share/texlive/texmf-dist/tex/latex/latexconfig/hyperref.cfg
File: hyperref.cfg 2002/06/06 v1.2 hyperref configuration of TeXLive
)
Package hyperref Info: Option `breaklinks' set `true' on input line 4319.
Package hyperref Info: Option `colorlinks' set `false' on input line 4319.
Package hyperref Info: Hyper figures OFF on input line 4443.
Package hyperref Info: Link nesting OFF on input line 4448.
Package hyperref Info: Hyper index ON on input line 4451.
Package hyperref Info: Plain pages OFF on input line 4458.
Package hyperref Info: Backreferencing OFF on input line 4463.
Package hyperref Info: Implicit mode ON; LaTeX internals redefined.
Package hyperref Info: Bookmarks ON on input line 4688.
\c@Hy@tempcnt=\count90

(/usr/share/texlive/texmf-dist/tex/latex/url/url.sty
\Urlmuskip=\muskip10
Package: url 2013/09/16  ver 3.4  Verb mode for urls, etc.
)
LaTeX Info: Redefining \url on input line 5041.
\XeTeXLinkMargin=\dimen104
\Fld@menulength=\count91
\Field@Width=\dimen105
\Fld@charsize=\dimen106
Package hyperref Info: Hyper figures OFF on input line 6295.
Package hyperref Info: Link nesting OFF on input line 6300.
Package hyperref Info: Hyper index ON on input line 6303.
Package hyperref Info: backreferencing OFF on input line 6310.
Package hyperref Info: Link coloring OFF on input line 6315.
Package hyperref Info: Link coloring with OCG OFF on input line 6320.
Package hyperref Info: PDF/A mode OFF on input line 6325.
LaTeX Info: Redefining \ref on input line 6365.
LaTeX Info: Redefining \pageref on input line 6369.
\Hy@abspage=\count92
\c@Item=\count93
\c@Hfootnote=\count94
)

Package hyperref Message: Driver (autodetected): hpdftex.

(/usr/share/texlive/texmf-dist/tex/latex/hyperref/hpdftex.def
File: hpdftex.def 2012/11/06 v6.83m Hyperref driver for pdfTeX
\Fld@listcount=\count95
\c@bookmark@seq@number=\count96

(/usr/share/texlive/texmf-dist/tex/latex/oberdiek/rerunfilecheck.sty
Package: rerunfilecheck 2011/04/15 v1.7 Rerun checks for auxiliary files (HO)
Package uniquecounter Info: New unique counter `rerunfilecheck' on input line 2
82.
)
\Hy@SectionHShift=\skip43
)
(/usr/share/texlive/texmf-dist/tex/latex/float/float.sty
Package: float 2001/11/08 v1.3d Float enhancements (AL)
\c@float@type=\count97
\float@exts=\toks15
\float@box=\box26
\@float@everytoks=\toks16
\@floatcapt=\box27
)
(/usr/share/texlive/texmf-dist/tex/latex/graphics/graphicx.sty
Package: graphicx 1999/02/16 v1.0f Enhanced LaTeX Graphics (DPC,SPQR)

(/usr/share/texlive/texmf-dist/tex/latex/graphics/graphics.sty
Package: graphics 2009/02/05 v1.0o Standard LaTeX Graphics (DPC,SPQR)

(/usr/share/texlive/texmf-dist/tex/latex/graphics/trig.sty
Package: trig 1999/03/16 v1.09 sin cos tan (DPC)
)
(/usr/share/texlive/texmf-dist/tex/latex/latexconfig/graphics.cfg
File: graphics.cfg 2010/04/23 v1.9 graphics configuration of TeX Live
)
Package graphics Info: Driver file: pdftex.def on input line 91.

(/usr/share/texlive/texmf-dist/tex/latex/pdftex-def/pdftex.def
File: pdftex.def 2011/05/27 v0.06d Graphics/color for pdfTeX
\Gread@gobject=\count98
))
\Gin@req@height=\dimen107
\Gin@req@width=\dimen108
)
(/usr/share/texlive/texmf-dist/tex/latex/amsmath/amsmath.sty
Package: amsmath 2013/01/14 v2.14 AMS math features
\@mathmargin=\skip44

For additional information on amsmath, use the `?' option.
(/usr/share/texlive/texmf-dist/tex/latex/amsmath/amstext.sty
Package: amstext 2000/06/29 v2.01

(/usr/share/texlive/texmf-dist/tex/latex/amsmath/amsgen.sty
File: amsgen.sty 1999/11/30 v2.0
\@emptytoks=\toks17
\ex@=\dimen109
))
(/usr/share/texlive/texmf-dist/tex/latex/amsmath/amsbsy.sty
Package: amsbsy 1999/11/29 v1.2d
\pmbraise@=\dimen110
)
(/usr/share/texlive/texmf-dist/tex/latex/amsmath/amsopn.sty
Package: amsopn 1999/12/14 v2.01 operator names
)
\inf@bad=\count99
LaTeX Info: Redefining \frac on input line 210.
\uproot@=\count100
\leftroot@=\count101
LaTeX Info: Redefining \overline on input line 306.
\classnum@=\count102
\DOTSCASE@=\count103
LaTeX Info: Redefining \ldots on input line 378.
LaTeX Info: Redefining \dots on input line 381.
LaTeX Info: Redefining \cdots on input line 466.
\Mathstrutbox@=\box28
\strutbox@=\box29
\big@size=\dimen111
LaTeX Font Info:    Redeclaring font encoding OML on input line 566.
LaTeX Font Info:    Redeclaring font encoding OMS on input line 567.
\macc@depth=\count104
\c@MaxMatrixCols=\count105
\dotsspace@=\muskip11
\c@parentequation=\count106
\dspbrk@lvl=\count107
\tag@help=\toks18
\row@=\count108
\column@=\count109
\maxfields@=\count110
\andhelp@=\toks19
\eqnshift@=\dimen112
\alignsep@=\dimen113
\tagshift@=\dimen114
\tagwidth@=\dimen115
\totwidth@=\dimen116
\lineht@=\dimen117
\@envbody=\toks20
\multlinegap=\skip45
\multlinetaggap=\skip46
\mathdisplay@stack=\toks21
LaTeX Info: Redefining \[ on input line 2665.
LaTeX Info: Redefining \] on input line 2666.
)
(/usr/share/texlive/texmf-dist/tex/latex/graphics/color.sty
Package: color 2005/11/14 v1.0j Standard LaTeX Color (DPC)

(/usr/share/texlive/texmf-dist/tex/latex/latexconfig/color.cfg
File: color.cfg 2007/01/18 v1.5 color configuration of teTeX/TeXLive
)
Package color Info: Driver file: pdftex.def on input line 130.
)
(/usr/share/texlive/texmf-dist/tex/latex/psnfss/times.sty
Package: times 2005/04/12 PSNFSS-v9.2a (SPQR) 
)
(/usr/share/texlive/texmf-dist/tex/latex/natbib/natbib.sty
Package: natbib 2010/09/13 8.31b (PWD, AO)
\bibhang=\skip47
\bibsep=\skip48
LaTeX Info: Redefining \cite on input line 694.
\c@NAT@ctr=\count111
)
(/usr/share/texlive/texmf-dist/tex/latex/enumitem/enumitem.sty
Package: enumitem 2011/09/28 v3.5.2 Customized lists
\labelindent=\skip49
\enit@outerparindent=\dimen118
\enit@toks=\toks22
\enit@inbox=\box30
\enitdp@description=\count112
)
(/usr/share/texlive/texmf-dist/tex/latex/tools/verbatim.sty
Package: verbatim 2003/08/22 v1.5q LaTeX2e package for verbatim enhancements
\every@verbatim=\toks23
\verbatim@line=\toks24
\verbatim@in@stream=\read1
)
(/usr/share/texlive/texmf-dist/tex/latex/tools/xspace.sty
Package: xspace 2009/10/20 v1.13 Space after command names (DPC,MH)
)
(/usr/share/texlive/texmf-dist/tex/latex/l3packages/xfrac/xfrac.sty
(/usr/share/texlive/texmf-dist/tex/latex/l3packages/l3keys2e/l3keys2e.sty
(/usr/share/texlive/texmf-dist/tex/latex/l3kernel/expl3.sty
(/usr/share/texlive/texmf-dist/tex/latex/l3kernel/l3names.sty
(/usr/share/texlive/texmf-dist/tex/latex/l3kernel/l3bootstrap.sty
Package: l3bootstrap 2014/01/04 v4640 L3 Experimental bootstrap code
)
Package: l3names 2014/01/04 v4640 L3 Namespace for primitives
)
(/usr/share/texlive/texmf-dist/tex/latex/etex-pkg/etex.sty
Package: etex 1998/03/26 v2.0 eTeX basic definition package (PEB)
\et@xins=\count113
)
Package: expl3 2014/01/07 v4646 L3 Experimental code bundle wrapper

(/usr/share/texlive/texmf-dist/tex/latex/l3kernel/l3basics.sty
Package: l3basics 2014/01/04 v4642 L3 Basic definitions
)
(/usr/share/texlive/texmf-dist/tex/latex/l3kernel/l3expan.sty
Package: l3expan 2014/01/04 v4642 L3 Argument expansion
)
(/usr/share/texlive/texmf-dist/tex/latex/l3kernel/l3tl.sty
Package: l3tl 2013/12/27 v4625 L3 Token lists
)
(/usr/share/texlive/texmf-dist/tex/latex/l3kernel/l3seq.sty
Package: l3seq 2013/12/14 v4623 L3 Sequences and stacks
)
(/usr/share/texlive/texmf-dist/tex/latex/l3kernel/l3int.sty
Package: l3int 2013/08/02 v4583 L3 Integers
\c_max_int=\count114
\l_tmpa_int=\count115
\l_tmpb_int=\count116
\g_tmpa_int=\count117
\g_tmpb_int=\count118
)
(/usr/share/texlive/texmf-dist/tex/latex/l3kernel/l3quark.sty
Package: l3quark 2013/12/14 v4623 L3 Quarks
)
(/usr/share/texlive/texmf-dist/tex/latex/l3kernel/l3prg.sty
Package: l3prg 2014/01/04 v4642 L3 Control structures
\g__prg_map_int=\count119
)
(/usr/share/texlive/texmf-dist/tex/latex/l3kernel/l3clist.sty
Package: l3clist 2013/07/28 v4581 L3 Comma separated lists
)
(/usr/share/texlive/texmf-dist/tex/latex/l3kernel/l3token.sty
Package: l3token 2013/08/25 v4587 L3 Experimental token manipulation
)
(/usr/share/texlive/texmf-dist/tex/latex/l3kernel/l3prop.sty
Package: l3prop 2013/12/14 v4623 L3 Property lists
)
(/usr/share/texlive/texmf-dist/tex/latex/l3kernel/l3msg.sty
Package: l3msg 2013/07/28 v4581 L3 Messages
)
(/usr/share/texlive/texmf-dist/tex/latex/l3kernel/l3file.sty
Package: l3file 2013/10/13 v4596 L3 File and I/O operations
\l_iow_line_count_int=\count120
\l__iow_target_count_int=\count121
\l__iow_current_line_int=\count122
\l__iow_current_word_int=\count123
\l__iow_current_indentation_int=\count124
)
(/usr/share/texlive/texmf-dist/tex/latex/l3kernel/l3skip.sty
Package: l3skip 2013/07/28 v4581 L3 Dimensions and skips
\c_zero_dim=\dimen119
\c_max_dim=\dimen120
\l_tmpa_dim=\dimen121
\l_tmpb_dim=\dimen122
\g_tmpa_dim=\dimen123
\g_tmpb_dim=\dimen124
\c_zero_skip=\skip50
\c_max_skip=\skip51
\l_tmpa_skip=\skip52
\l_tmpb_skip=\skip53
\g_tmpa_skip=\skip54
\g_tmpb_skip=\skip55
\c_zero_muskip=\muskip12
\c_max_muskip=\muskip13
\l_tmpa_muskip=\muskip14
\l_tmpb_muskip=\muskip15
\g_tmpa_muskip=\muskip16
\g_tmpb_muskip=\muskip17
)
(/usr/share/texlive/texmf-dist/tex/latex/l3kernel/l3keys.sty
Package: l3keys 2013/12/08 v4614 L3 Experimental key-value interfaces
\g__keyval_level_int=\count125
\l_keys_choice_int=\count126
)
(/usr/share/texlive/texmf-dist/tex/latex/l3kernel/l3fp.sty
Package: l3fp 2014/01/04 v4642 L3 Floating points
\c__fp_leading_shift_int=\count127
\c__fp_middle_shift_int=\count128
\c__fp_trailing_shift_int=\count129
\c__fp_big_leading_shift_int=\count130
\c__fp_big_middle_shift_int=\count131
\c__fp_big_trailing_shift_int=\count132
\c__fp_Bigg_leading_shift_int=\count133
\c__fp_Bigg_middle_shift_int=\count134
\c__fp_Bigg_trailing_shift_int=\count135
)
(/usr/share/texlive/texmf-dist/tex/latex/l3kernel/l3box.sty
Package: l3box 2013/07/28 v4581 L3 Experimental boxes
\c_empty_box=\box31
\l_tmpa_box=\box32
\l_tmpb_box=\box33
\g_tmpa_box=\box34
\g_tmpb_box=\box35
)
(/usr/share/texlive/texmf-dist/tex/latex/l3kernel/l3coffins.sty
Package: l3coffins 2013/12/14 v4624 L3 Coffin code layer
\l__coffin_internal_box=\box36
\l__coffin_internal_dim=\dimen125
\l__coffin_offset_x_dim=\dimen126
\l__coffin_offset_y_dim=\dimen127
\l__coffin_x_dim=\dimen128
\l__coffin_y_dim=\dimen129
\l__coffin_x_prime_dim=\dimen130
\l__coffin_y_prime_dim=\dimen131
\c_empty_coffin=\box37
\l__coffin_aligned_coffin=\box38
\l__coffin_aligned_internal_coffin=\box39
\l_tmpa_coffin=\box40
\l_tmpb_coffin=\box41
\l__coffin_display_coffin=\box42
\l__coffin_display_coord_coffin=\box43
\l__coffin_display_pole_coffin=\box44
\l__coffin_display_offset_dim=\dimen132
\l__coffin_display_x_dim=\dimen133
\l__coffin_display_y_dim=\dimen134
)
(/usr/share/texlive/texmf-dist/tex/latex/l3kernel/l3color.sty
Package: l3color 2012/08/29 v4156 L3 Experimental color support
)
(/usr/share/texlive/texmf-dist/tex/latex/l3kernel/l3luatex.sty
Package: l3luatex 2013/07/28 v4581 L3 Experimental LuaTeX-specific functions
\g__cctab_allocate_int=\count136
\g__cctab_stack_int=\count137
)
(/usr/share/texlive/texmf-dist/tex/latex/l3kernel/l3candidates.sty
Package: l3candidates 2014/01/06 v4643 L3 Experimental additions to l3kernel
\l__box_top_dim=\dimen135
\l__box_bottom_dim=\dimen136
\l__box_left_dim=\dimen137
\l__box_right_dim=\dimen138
\l__box_top_new_dim=\dimen139
\l__box_bottom_new_dim=\dimen140
\l__box_left_new_dim=\dimen141
\l__box_right_new_dim=\dimen142
\l__box_internal_box=\box45
\l__coffin_bounding_shift_dim=\dimen143
\l__coffin_left_corner_dim=\dimen144
\l__coffin_right_corner_dim=\dimen145
\l__coffin_bottom_corner_dim=\dimen146
\l__coffin_top_corner_dim=\dimen147
\l__coffin_scaled_total_height_dim=\dimen148
\l__coffin_scaled_width_dim=\dimen149
))
Package: l3keys2e 2013/12/31 v4634 LaTeX2e option processing using LaTeX3 keys
)
(/usr/share/texlive/texmf-dist/tex/latex/base/textcomp.sty
Package: textcomp 2005/09/27 v1.99g Standard LaTeX package
Package textcomp Info: Sub-encoding information:
(textcomp)               5 = only ISO-Adobe without \textcurrency
(textcomp)               4 = 5 + \texteuro
(textcomp)               3 = 4 + \textohm
(textcomp)               2 = 3 + \textestimated + \textcurrency
(textcomp)               1 = TS1 - \textcircled - \t
(textcomp)               0 = TS1 (full)
(textcomp)             Font families with sub-encoding setting implement
(textcomp)             only a restricted character set as indicated.
(textcomp)             Family '?' is the default used for unknown fonts.
(textcomp)             See the documentation for details.
Package textcomp Info: Setting ? sub-encoding to TS1/1 on input line 71.

(/usr/share/texlive/texmf-dist/tex/latex/base/ts1enc.def
File: ts1enc.def 2001/06/05 v3.0e (jk/car/fm) Standard LaTeX file
)
LaTeX Info: Redefining \oldstylenums on input line 266.
Package textcomp Info: Setting cmr sub-encoding to TS1/0 on input line 281.
Package textcomp Info: Setting cmss sub-encoding to TS1/0 on input line 282.
Package textcomp Info: Setting cmtt sub-encoding to TS1/0 on input line 283.
Package textcomp Info: Setting cmvtt sub-encoding to TS1/0 on input line 284.
Package textcomp Info: Setting cmbr sub-encoding to TS1/0 on input line 285.
Package textcomp Info: Setting cmtl sub-encoding to TS1/0 on input line 286.
Package textcomp Info: Setting ccr sub-encoding to TS1/0 on input line 287.
Package textcomp Info: Setting ptm sub-encoding to TS1/4 on input line 288.
Package textcomp Info: Setting pcr sub-encoding to TS1/4 on input line 289.
Package textcomp Info: Setting phv sub-encoding to TS1/4 on input line 290.
Package textcomp Info: Setting ppl sub-encoding to TS1/3 on input line 291.
Package textcomp Info: Setting pag sub-encoding to TS1/4 on input line 292.
Package textcomp Info: Setting pbk sub-encoding to TS1/4 on input line 293.
Package textcomp Info: Setting pnc sub-encoding to TS1/4 on input line 294.
Package textcomp Info: Setting pzc sub-encoding to TS1/4 on input line 295.
Package textcomp Info: Setting bch sub-encoding to TS1/4 on input line 296.
Package textcomp Info: Setting put sub-encoding to TS1/5 on input line 297.
Package textcomp Info: Setting uag sub-encoding to TS1/5 on input line 298.
Package textcomp Info: Setting ugq sub-encoding to TS1/5 on input line 299.
Package textcomp Info: Setting ul8 sub-encoding to TS1/4 on input line 300.
Package textcomp Info: Setting ul9 sub-encoding to TS1/4 on input line 301.
Package textcomp Info: Setting augie sub-encoding to TS1/5 on input line 302.
Package textcomp Info: Setting dayrom sub-encoding to TS1/3 on input line 303.
Package textcomp Info: Setting dayroms sub-encoding to TS1/3 on input line 304.

Package textcomp Info: Setting pxr sub-encoding to TS1/0 on input line 305.
Package textcomp Info: Setting pxss sub-encoding to TS1/0 on input line 306.
Package textcomp Info: Setting pxtt sub-encoding to TS1/0 on input line 307.
Package textcomp Info: Setting txr sub-encoding to TS1/0 on input line 308.
Package textcomp Info: Setting txss sub-encoding to TS1/0 on input line 309.
Package textcomp Info: Setting txtt sub-encoding to TS1/0 on input line 310.
Package textcomp Info: Setting lmr sub-encoding to TS1/0 on input line 311.
Package textcomp Info: Setting lmdh sub-encoding to TS1/0 on input line 312.
Package textcomp Info: Setting lmss sub-encoding to TS1/0 on input line 313.
Package textcomp Info: Setting lmssq sub-encoding to TS1/0 on input line 314.
Package textcomp Info: Setting lmvtt sub-encoding to TS1/0 on input line 315.
Package textcomp Info: Setting qhv sub-encoding to TS1/0 on input line 316.
Package textcomp Info: Setting qag sub-encoding to TS1/0 on input line 317.
Package textcomp Info: Setting qbk sub-encoding to TS1/0 on input line 318.
Package textcomp Info: Setting qcr sub-encoding to TS1/0 on input line 319.
Package textcomp Info: Setting qcs sub-encoding to TS1/0 on input line 320.
Package textcomp Info: Setting qpl sub-encoding to TS1/0 on input line 321.
Package textcomp Info: Setting qtm sub-encoding to TS1/0 on input line 322.
Package textcomp Info: Setting qzc sub-encoding to TS1/0 on input line 323.
Package textcomp Info: Setting qhvc sub-encoding to TS1/0 on input line 324.
Package textcomp Info: Setting futs sub-encoding to TS1/4 on input line 325.
Package textcomp Info: Setting futx sub-encoding to TS1/4 on input line 326.
Package textcomp Info: Setting futj sub-encoding to TS1/4 on input line 327.
Package textcomp Info: Setting hlh sub-encoding to TS1/3 on input line 328.
Package textcomp Info: Setting hls sub-encoding to TS1/3 on input line 329.
Package textcomp Info: Setting hlst sub-encoding to TS1/3 on input line 330.
Package textcomp Info: Setting hlct sub-encoding to TS1/5 on input line 331.
Package textcomp Info: Setting hlx sub-encoding to TS1/5 on input line 332.
Package textcomp Info: Setting hlce sub-encoding to TS1/5 on input line 333.
Package textcomp Info: Setting hlcn sub-encoding to TS1/5 on input line 334.
Package textcomp Info: Setting hlcw sub-encoding to TS1/5 on input line 335.
Package textcomp Info: Setting hlcf sub-encoding to TS1/5 on input line 336.
Package textcomp Info: Setting pplx sub-encoding to TS1/3 on input line 337.
Package textcomp Info: Setting pplj sub-encoding to TS1/3 on input line 338.
Package textcomp Info: Setting ptmx sub-encoding to TS1/4 on input line 339.
Package textcomp Info: Setting ptmj sub-encoding to TS1/4 on input line 340.
)
(/usr/share/texlive/texmf-dist/tex/latex/l3packages/xparse/xparse.sty
Package: xparse 2013/12/31 v4634 L3 Experimental document command parser
\l__xparse_current_arg_int=\count138
\l__xparse_m_args_int=\count139
\l__xparse_mandatory_args_int=\count140
\l__xparse_processor_int=\count141
\l__xparse_v_nesting_int=\count142
)
(/usr/share/texlive/texmf-dist/tex/latex/l3packages/xtemplate/xtemplate.sty
Package: xtemplate 2013/12/31 v4634 L3 Experimental prototype document function
s
\l__xtemplate_tmp_dim=\dimen150
\l__xtemplate_tmp_int=\count143
\l__xtemplate_tmp_muskip=\muskip18
\l__xtemplate_tmp_skip=\skip56
Variant \prop_get:NoNTF already defined; not changing it on line 106
Variant \prop_get:NoNT already defined; not changing it on line 107
Variant \prop_get:NoNF already defined; not changing it on line 108
)
Package: xfrac 2012/11/09 v4299 L3 Experimental split-level fractions
\l__xfrac_slash_box=\box46
\l__xfrac_tmp_box=\box47
\l__xfrac_denominator_bot_sep_dim=\dimen151
\l__xfrac_numerator_bot_sep_dim=\dimen152
\l__xfrac_numerator_top_sep_dim=\dimen153
\l__xfrac_slash_left_sep_dim=\dimen154
\l__xfrac_slash_right_sep_dim=\dimen155
\l__xfrac_slash_left_muskip=\muskip19
\l__xfrac_slash_right_muskip=\muskip20
.................................................
. xtemplate info: "declare-object-type"
. 
. Declaring object type 'xfrac' taking 3 argument(s) on line 96.
.................................................
.................................................
. LaTeX info: "xparse/define-command"
. 
. Defining document command \sfrac with arg. spec. 'omom' on line 436.
.................................................
)
(/usr/share/texlive/texmf-dist/tex/latex/algorithms/algorithmic.sty
Package: algorithmic 2009/08/24 v0.1 Document Style `algorithmic'

(/usr/share/texlive/texmf-dist/tex/latex/base/ifthen.sty
Package: ifthen 2001/05/26 v1.1c Standard LaTeX ifthen package (DPC)
)
\c@ALC@unique=\count144
\c@ALC@line=\count145
\c@ALC@rem=\count146
\c@ALC@depth=\count147
\ALC@tlm=\skip57
\algorithmicindent=\skip58
)
(/usr/share/texlive/texmf-dist/tex/latex/algorithms/algorithm.sty
Package: algorithm 2009/08/24 v0.1 Document Style `algorithm' - floating enviro
nment
\@float@every@algorithm=\toks25
\c@algorithm=\count148
)
(/usr/share/texlive/texmf-dist/tex/latex/multirow/multirow.sty
\bigstrutjot=\dimen156
)
(/usr/share/texlive/texmf-dist/tex/latex/listings/listings.sty
\lst@mode=\count149
\lst@gtempboxa=\box48
\lst@token=\toks26
\lst@length=\count150
\lst@currlwidth=\dimen157
\lst@column=\count151
\lst@pos=\count152
\lst@lostspace=\dimen158
\lst@width=\dimen159
\lst@newlines=\count153
\lst@lineno=\count154
\lst@maxwidth=\dimen160

(/usr/share/texlive/texmf-dist/tex/latex/listings/lstmisc.sty
File: lstmisc.sty 2013/08/26 1.5b (Carsten Heinz)
\c@lstnumber=\count155
\lst@skipnumbers=\count156
\lst@framebox=\box49
)
(/usr/share/texlive/texmf-dist/tex/latex/listings/listings.cfg
File: listings.cfg 2013/08/26 1.5b listings configuration
))
Package: listings 2013/08/26 1.5b (Carsten Heinz)

(/usr/share/texlive/texmf-dist/tex/latex/microtype/microtype.sty
Package: microtype 2013/05/23 v2.5a Micro-typographical refinements (RS)
\MT@toks=\toks27
\MT@count=\count157
LaTeX Info: Redefining \textls on input line 766.
\MT@outer@kern=\dimen161
LaTeX Info: Redefining \textmicrotypecontext on input line 1285.
\MT@listname@count=\count158

(/usr/share/texlive/texmf-dist/tex/latex/microtype/microtype-pdftex.def
File: microtype-pdftex.def 2013/05/23 v2.5a Definitions specific to pdftex (RS)

LaTeX Info: Redefining \lsstyle on input line 915.
LaTeX Info: Redefining \lslig on input line 915.
\MT@outer@space=\skip59
)
Package microtype Info: Loading configuration file microtype.cfg.

(/usr/share/texlive/texmf-dist/tex/latex/microtype/microtype.cfg
File: microtype.cfg 2013/05/23 v2.5a microtype main configuration file (RS)
))
(/usr/share/texlive/texmf-dist/tex/latex/preprint/balance.sty
Package: balance 1999/02/23 4.3 (PWD)
\oldvsize=\dimen162
)
(/usr/share/texlive/texmf-dist/tex/latex/datetime/datetime.sty
Package: datetime 2013/09/10 v2.59 Date Time Package

(/usr/share/texlive/texmf-dist/tex/latex/etoolbox/etoolbox.sty
Package: etoolbox 2011/01/03 v2.1 e-TeX tools for LaTeX
\etb@tempcnta=\count159
)
(/usr/share/texlive/texmf-dist/tex/latex/fmtcount/fmtcount.sty
Package: fmtcount 2013/08/17 v2.03

(/usr/share/texlive/texmf-dist/tex/latex/fmtcount/fcprefix.sty
Package: fcprefix 2012/09/28

(/usr/share/texlive/texmf-dist/tex/latex/fmtcount/fcnumparser.sty
Package: fcnumparser 2012/09/28
\fc@digit@counter=\count160
))
\c@padzeroesN=\count161
\fc@tmpcatcode=\count162
\@DT@modctr=\count163
\@ordinalctr=\count164
\@orgargctr=\count165
\@strctr=\count166
\@tmpstrctr=\count167
\@DT@loopN=\count168
\@DT@X=\count169

(/usr/share/texlive/texmf-dist/tex/latex/fmtcount/fc-english.def
File: fc-english.def 2013/08/17
))
(/usr/share/texlive/texmf-dist/tex/latex/datetime/datetime-defaults.sty
Package: datetime-defaults 2013/09/10
)
\@day=\count170
\@month=\count171
\@year=\count172
\c@HOUR=\count173
\c@HOURXII=\count174
\c@MINUTE=\count175
\c@TOHOUR=\count176
\c@TOMINUTE=\count177
\c@SECOND=\count178
\currenthour=\count179
\currentminute=\count180
\currentsecond=\count181
Package datetime Info: No datetime.cfg file found, using default settings on in
put line 308.
\@dtctr=\count182
\dayofyear=\count183
\dayofweek=\count184
LaTeX Info: Redefining \today on input line 736.
\dt@a=\toks28
\dt@b=\toks29
)
(/usr/share/texlive/texmf-dist/tex/latex/morefloats/morefloats.sty
Package: morefloats 2012/01/28 v1.0f Raise limit of unprocessed floats (HMM; DH
)
Package morefloats Info: Maximum number of possible floats asked for: 36.
(morefloats)             LaTeX might run out of memory before this
(morefloats)             (in which case it will notify you).
(morefloats)              on input line 171.
\bx@S=\insert233
\bx@T=\insert232
\bx@U=\insert231
\bx@V=\insert230
\bx@W=\insert229
\bx@X=\insert228
\bx@Y=\insert227
\bx@Z=\insert226
\bx@AA=\insert225
\bx@AB=\insert224
\bx@AC=\insert223
\bx@AD=\insert222
\bx@AE=\insert221
\bx@AF=\insert220
\bx@AG=\insert219
\bx@AH=\insert218
\bx@AI=\insert217
\bx@AJ=\insert216
)
(/usr/share/texlive/texmf-dist/tex/latex/caption/caption.sty
Package: caption 2013/05/02 v3.3-89 Customizing captions (AR)

(/usr/share/texlive/texmf-dist/tex/latex/caption/caption3.sty
Package: caption3 2013/05/02 v1.6-88 caption3 kernel (AR)
Package caption3 Info: TeX engine: e-TeX on input line 57.
\captionmargin=\dimen163
\captionmargin@=\dimen164
\captionwidth=\dimen165
\caption@tempdima=\dimen166
\caption@indent=\dimen167
\caption@parindent=\dimen168
\caption@hangindent=\dimen169
)
\c@ContinuedFloat=\count185
Package caption Info: float package is loaded.
Package caption Info: hyperref package is loaded.
Package caption Info: listings package is loaded.
)
(/usr/share/texlive/texmf-dist/tex/latex/caption/subcaption.sty
Package: subcaption 2013/02/03 v1.1-62 Sub-captions (AR)
\c@subfigure=\count186
\c@subtable=\count187
)
\c@mv@mathchartertext=\count188
LaTeX Font Info:    Overwriting symbol font `letters' in version `normal'
(Font)                  OML/cmm/m/it --> OML/mdbch/m/n on input line 36.

(./proposal.aux)
\openout1 = `proposal.aux'.

LaTeX Font Info:    Checking defaults for OML/cmm/m/it on input line 181.
LaTeX Font Info:    ... okay on input line 181.
LaTeX Font Info:    Checking defaults for T1/cmr/m/n on input line 181.
LaTeX Font Info:    ... okay on input line 181.
LaTeX Font Info:    Checking defaults for OT1/cmr/m/n on input line 181.
LaTeX Font Info:    ... okay on input line 181.
LaTeX Font Info:    Checking defaults for OMS/cmsy/m/n on input line 181.
LaTeX Font Info:    ... okay on input line 181.
LaTeX Font Info:    Checking defaults for OMX/cmex/m/n on input line 181.
LaTeX Font Info:    ... okay on input line 181.
LaTeX Font Info:    Checking defaults for U/cmr/m/n on input line 181.
LaTeX Font Info:    ... okay on input line 181.
LaTeX Font Info:    Checking defaults for PD1/pdf/m/n on input line 181.
LaTeX Font Info:    ... okay on input line 181.
LaTeX Font Info:    Checking defaults for TS1/cmr/m/n on input line 181.
LaTeX Font Info:    Try loading font information for TS1+cmr on input line 181.

 (/usr/share/texlive/texmf-dist/tex/latex/base/ts1cmr.fd
File: ts1cmr.fd 1999/05/25 v2.5h Standard LaTeX font definitions
)
LaTeX Font Info:    ... okay on input line 181.
LaTeX Font Info:    Try loading font information for OT1+ptm on input line 181.


(/usr/share/texlive/texmf-dist/tex/latex/psnfss/ot1ptm.fd
File: ot1ptm.fd 2001/06/04 font definitions for OT1/ptm.
)
\AtBeginShipoutBox=\box50
Package hyperref Info: Link coloring OFF on input line 181.

(/usr/share/texlive/texmf-dist/tex/latex/hyperref/nameref.sty
Package: nameref 2012/10/27 v2.43 Cross-referencing by name of section

(/usr/share/texlive/texmf-dist/tex/generic/oberdiek/gettitlestring.sty
Package: gettitlestring 2010/12/03 v1.4 Cleanup title references (HO)
)
\c@section@level=\count189
)
LaTeX Info: Redefining \ref on input line 181.
LaTeX Info: Redefining \pageref on input line 181.
LaTeX Info: Redefining \nameref on input line 181.

(./proposal.out) (./proposal.out)
\@outlinefile=\write3
\openout3 = `proposal.out'.


(/usr/share/texlive/texmf-dist/tex/context/base/supp-pdf.mkii
[Loading MPS to PDF converter (version 2006.09.02).]
\scratchcounter=\count190
\scratchdimen=\dimen170
\scratchbox=\box51
\nofMPsegments=\count191
\nofMParguments=\count192
\everyMPshowfont=\toks30
\MPscratchCnt=\count193
\MPscratchDim=\dimen171
\MPnumerator=\count194
\makeMPintoPDFobject=\count195
\everyMPtoPDFconversion=\toks31
) (/usr/share/texlive/texmf-dist/tex/latex/oberdiek/epstopdf-base.sty
Package: epstopdf-base 2010/02/09 v2.5 Base part for package epstopdf

(/usr/share/texlive/texmf-dist/tex/latex/oberdiek/grfext.sty
Package: grfext 2010/08/19 v1.1 Manage graphics extensions (HO)
)
Package grfext Info: Graphics extension search list:
(grfext)             [.png,.pdf,.jpg,.mps,.jpeg,.jbig2,.jb2,.PNG,.PDF,.JPG,.JPE
G,.JBIG2,.JB2,.eps]
(grfext)             \AppendGraphicsExtensions on input line 452.

(/usr/share/texlive/texmf-dist/tex/latex/latexconfig/epstopdf-sys.cfg
File: epstopdf-sys.cfg 2010/07/13 v1.3 Configuration of (r)epstopdf for TeX Liv
e
))
\c@lstlisting=\count196
LaTeX Info: Redefining \microtypecontext on input line 181.
Package microtype Info: Generating PDF output.
Package microtype Info: Character protrusion enabled (level 2).
Package microtype Info: Using default protrusion set `alltext'.
Package microtype Info: Automatic font expansion enabled (level 2),
(microtype)             stretch: 20, shrink: 20, step: 1, non-selected.
Package microtype Info: Using default expansion set `basictext'.
Package microtype Info: No adjustment of tracking.
Package microtype Info: No adjustment of interword spacing.
Package microtype Info: No adjustment of character kerning.

(/usr/share/texlive/texmf-dist/tex/latex/microtype/mt-ptm.cfg
File: mt-ptm.cfg 2006/04/20 v1.7 microtype config. file: Times (RS)
)
Package caption Info: Begin \AtBeginDocument code.
Package caption Info: End \AtBeginDocument code.
LaTeX Font Info:    Font shape `OT1/ptm/bx/n' in size <20.74> not available
(Font)              Font shape `OT1/ptm/b/n' tried instead on input line 185.

(/usr/share/texlive/texmf-dist/tex/latex/microtype/mt-cmr.cfg
File: mt-cmr.cfg 2013/05/19 v2.2 microtype config. file: Computer Modern Roman 
(RS)
)
LaTeX Font Info:    Try loading font information for OML+mdbch on input line 18
5.

(/usr/share/texlive/texmf-dist/tex/latex/mathdesign/mdbch/omlmdbch.fd
File: omlmdbch.fd 2013/08/29 Fontinst v1.933 font definitions for OML/mdbch.
)
LaTeX Font Info:    Font shape `OML/mdbch/m/n' will be
(Font)              scaled to size 13.82408pt on input line 185.

(/usr/share/texlive/texmf-dist/tex/latex/microtype/mt-bch.cfg
File: mt-bch.cfg 2007/03/03 v1.5 microtype config. file: Bitstream Charter (RS)

)
LaTeX Font Info:    Font shape `OML/mdbch/m/n' will be
(Font)              scaled to size 9.60007pt on input line 185.
LaTeX Font Info:    Font shape `OML/mdbch/m/n' will be
(Font)              scaled to size 6.72005pt on input line 185.
LaTeX Font Info:    Font shape `OT1/ptm/bx/n' in size <14.4> not available
(Font)              Font shape `OT1/ptm/b/n' tried instead on input line 185.
 [1

{/var/lib/texmf/fonts/map/pdftex/updmap/pdftex.map}]
LaTeX Font Info:    Font shape `OT1/ptm/bx/n' in size <10.95> not available
(Font)              Font shape `OT1/ptm/b/n' tried instead on input line 187.
 [2]
LaTeX Font Info:    Font shape `OT1/ptm/bx/n' in size <17.28> not available
(Font)              Font shape `OT1/ptm/b/n' tried instead on input line 221.
 (./proposal.toc
LaTeX Font Info:    Font shape `OT1/ptm/bx/n' in size <12> not available
(Font)              Font shape `OT1/ptm/b/n' tried instead on input line 1.
LaTeX Font Info:    Font shape `OML/mdbch/m/n' will be
(Font)              scaled to size 11.52008pt on input line 2.
LaTeX Font Info:    Font shape `OML/mdbch/m/n' will be
(Font)              scaled to size 7.68005pt on input line 2.
LaTeX Font Info:    Font shape `OML/mdbch/m/n' will be
(Font)              scaled to size 5.76004pt on input line 2.
)
\tf@toc=\write4
\openout4 = `proposal.toc'.

 [3] [4]
(./intro.tex
LaTeX Font Info:    Try loading font information for TS1+ptm on input line 13.
 (/usr/share/texlive/texmf-dist/tex/latex/psnfss/ts1ptm.fd
File: ts1ptm.fd 2001/06/04 font definitions for TS1/ptm.
)
[1

] [2] [3]) (./related.tex [4] [5]
Missing character: There is no â in font ptmr7t!
Missing character: There is no € in font ptmr7t!
Missing character: There is no ™ in font ptmr7t!
) (./presto.tex [6]
LaTeX Font Info:    Font shape `OML/mdbch/m/n' will be
(Font)              scaled to size 4.80003pt on input line 28.
 (./presto_background.tex [7] <./figures/presto/flowlets/histo.pdf, id=423, 361
.35pt x 216.81pt>
File: ./figures/presto/flowlets/histo.pdf Graphic file (type pdf)

<use ./figures/presto/flowlets/histo.pdf>
Package pdftex.def Info: ./figures/presto/flowlets/histo.pdf used on input line
 67.
(pdftex.def)             Requested size: 258.36667pt x 155.02127pt.
LaTeX Font Info:    Try loading font information for OT1+pcr on input line 72.

(/usr/share/texlive/texmf-dist/tex/latex/psnfss/ot1pcr.fd
File: ot1pcr.fd 2001/06/04 font definitions for OT1/pcr.
)
Package microtype Info: Loading generic settings for font family
(microtype)             `pcr' (encoding: OT1).
(microtype)             For optimal results, create family-specific settings.
(microtype)             See the microtype manual for details.
 [8] [9 <./figures/presto/flowlets/histo.pdf>] [10]
<./figures/presto/gro-design/gro-break.pdf, id=887, 348.16043pt x 228.25253pt>
File: ./figures/presto/gro-design/gro-break.pdf Graphic file (type pdf)

<use ./figures/presto/gro-design/gro-break.pdf>
Package pdftex.def Info: ./figures/presto/gro-design/gro-break.pdf used on inpu
t line 181.
(pdftex.def)             Requested size: 258.36667pt x 169.38486pt.
 [11 <./figures/presto/gro-design/gro-break.pdf>]) (./presto_design.tex
<./figures/presto/macro/macro_evaluation_topology_refined.pdf, id=919, 651.4337
5pt x 220.825pt>
File: ./figures/presto/macro/macro_evaluation_topology_refined.pdf Graphic file
 (type pdf)

<use ./figures/presto/macro/macro_evaluation_topology_refined.pdf>
Package pdftex.def Info: ./figures/presto/macro/macro_evaluation_topology_refin
ed.pdf used on input line 10.
(pdftex.def)             Requested size: 258.37212pt x 79.85747pt.
 [12 <./figures/presto/macro/macro_evaluation_topology_refined.pdf>]
Package hyperref Info: bookmark level for unknown algorithm defaults to 0 on in
put line 88.
Package microtype Info: Loading generic settings for font family
(microtype)             `cmtt' (encoding: OT1).
(microtype)             For optimal results, create family-specific settings.
(microtype)             See the microtype manual for details.
 [13] [14] [15])
(./presto_implementation.tex [16]) (./presto_eval.tex
<./figures/presto/macro/stride/macro_compare_tput_witherrbar.pdf, id=1141, 361.
35pt x 216.81pt>
File: ./figures/presto/macro/stride/macro_compare_tput_witherrbar.pdf Graphic f
ile (type pdf)

<use ./figures/presto/macro/stride/macro_compare_tput_witherrbar.pdf>
Package pdftex.def Info: ./figures/presto/macro/stride/macro_compare_tput_withe
rrbar.pdf used on input line 9.
(pdftex.def)             Requested size: 258.36667pt x 155.02127pt.

<./figures/presto/macro/stride/macro_compare_fct_stride_mice.pdf, id=1142, 361.
35pt x 289.08pt>
File: ./figures/presto/macro/stride/macro_compare_fct_stride_mice.pdf Graphic f
ile (type pdf)

<use ./figures/presto/macro/stride/macro_compare_fct_stride_mice.pdf>
Package pdftex.def Info: ./figures/presto/macro/stride/macro_compare_fct_stride
_mice.pdf used on input line 20.
(pdftex.def)             Requested size: 140.92792pt x 112.74074pt.

<./figures/presto/macro/bijection/macro_compare_fct_bijection_mice.pdf, id=1143
, 361.35pt x 289.08pt>
File: ./figures/presto/macro/bijection/macro_compare_fct_bijection_mice.pdf Gra
phic file (type pdf)

<use ./figures/presto/macro/bijection/macro_compare_fct_bijection_mice.pdf>
Package pdftex.def Info: ./figures/presto/macro/bijection/macro_compare_fct_bij
ection_mice.pdf used on input line 26.
(pdftex.def)             Requested size: 140.92792pt x 112.74074pt.

<./figures/presto/macro/shuffle/macro_compare_fct_shuffle_mice.pdf, id=1144, 36
1.35pt x 289.08pt>
File: ./figures/presto/macro/shuffle/macro_compare_fct_shuffle_mice.pdf Graphic
 file (type pdf)

<use ./figures/presto/macro/shuffle/macro_compare_fct_shuffle_mice.pdf>
Package pdftex.def Info: ./figures/presto/macro/shuffle/macro_compare_fct_shuff
le_mice.pdf used on input line 38.
(pdftex.def)             Requested size: 140.92792pt x 112.74074pt.

[17 <./figures/presto/macro/stride/macro_compare_tput_witherrbar.pdf>] [18 <./f
igures/presto/macro/stride/macro_compare_fct_stride_mice.pdf> <./figures/presto
/macro/bijection/macro_compare_fct_bijection_mice.pdf

pdfTeX warning: pdflatex (file ./figures/presto/macro/bijection/macro_compare_f
ct_bijection_mice.pdf): PDF inclusion: multiple pdfs with page group included i
n a single page
> <./figures/presto/macro/shuffle/macro_compare_fct_shuffle_mice.pdf

pdfTeX warning: pdflatex (file ./figures/presto/macro/shuffle/macro_compare_fct
_shuffle_mice.pdf): PDF inclusion: multiple pdfs with page group included in a 
single page
>]
<./figures/presto/failure_handling/failover_compare_tput_witherrbar.pdf, id=130
5, 361.35pt x 216.81pt>
File: ./figures/presto/failure_handling/failover_compare_tput_witherrbar.pdf Gr
aphic file (type pdf)

<use ./figures/presto/failure_handling/failover_compare_tput_witherrbar.pdf>
Package pdftex.def Info: ./figures/presto/failure_handling/failover_compare_tpu
t_witherrbar.pdf used on input line 148.
(pdftex.def)             Requested size: 258.36667pt x 155.02127pt.

<./figures/presto/failure_handling/failover_compare_sockperf_bijection_mice.pdf
, id=1306, 361.35pt x 216.81pt>
File: ./figures/presto/failure_handling/failover_compare_sockperf_bijection_mic
e.pdf Graphic file (type pdf)

<use ./figures/presto/failure_handling/failover_compare_sockperf_bijection_mice
.pdf>
Package pdftex.def Info: ./figures/presto/failure_handling/failover_compare_soc
kperf_bijection_mice.pdf used on input line 155.
(pdftex.def)             Requested size: 258.36667pt x 155.02127pt.
)) (./cloudmeasure.tex [19 <./figures/presto/failure_handling/failover_compare_
tput_witherrbar.pdf>] (./cloudmeasure_intro.tex)
(./cloudmeasure_background.tex
<figures/cloudmeasure/imag_sec2/ec2_vm.pdf, id=1399, 911.405pt x 434.62375pt>
File: figures/cloudmeasure/imag_sec2/ec2_vm.pdf Graphic file (type pdf)

<use figures/cloudmeasure/imag_sec2/ec2_vm.pdf>
Package pdftex.def Info: figures/cloudmeasure/imag_sec2/ec2_vm.pdf used on inpu
t line 8.
(pdftex.def)             Requested size: 93.94955pt x 44.79791pt.

<figures/cloudmeasure/imag_sec2/ec2_elb.pdf, id=1400, 911.405pt x 440.64626pt>
File: figures/cloudmeasure/imag_sec2/ec2_elb.pdf Graphic file (type pdf)

<use figures/cloudmeasure/imag_sec2/ec2_elb.pdf>
Package pdftex.def Info: figures/cloudmeasure/imag_sec2/ec2_elb.pdf used on inp
ut line 14.
(pdftex.def)             Requested size: 140.92792pt x 68.13136pt.

<figures/cloudmeasure/imag_sec2/ec2_heroku.pdf, id=1401, 811.03pt x 291.0875pt>
File: figures/cloudmeasure/imag_sec2/ec2_heroku.pdf Graphic file (type pdf)
<use figures/cloudmeasure/imag_sec2/ec2_heroku.pdf>
Package pdftex.def Info: figures/cloudmeasure/imag_sec2/ec2_heroku.pdf used on 
input line 20.
(pdftex.def)             Requested size: 93.94955pt x 33.71642pt.

<figures/cloudmeasure/imag_sec2/ec2_cdn.pdf, id=1402, 665.48625pt x 295.1025pt>
File: figures/cloudmeasure/imag_sec2/ec2_cdn.pdf Graphic file (type pdf)
<use figures/cloudmeasure/imag_sec2/ec2_cdn.pdf>
Package pdftex.def Info: figures/cloudmeasure/imag_sec2/ec2_cdn.pdf used on inp
ut line 26.
(pdftex.def)             Requested size: 140.92792pt x 62.49118pt.
 [20 <./figures/presto/failure_handling/failover_compare_sockperf_bijection_mic
e.pdf>]
(./cloudmeasure_datasets.tex [21 <./figures/cloudmeasure/imag_sec2/ec2_vm.pdf> 
<./figures/cloudmeasure/imag_sec2/ec2_elb.pdf> <./figures/cloudmeasure/imag_sec
2/ec2_heroku.pdf> <./figures/cloudmeasure/imag_sec2/ec2_cdn.pdf>]
<figures/cloudmeasure/imag_sec2/nodes_deploy.pdf, id=1447, 810.02625pt x 459.71
75pt>
File: figures/cloudmeasure/imag_sec2/nodes_deploy.pdf Graphic file (type pdf)
 <use figures/cloudmeasure/imag_sec2/nodes_deploy.pdf>
Package pdftex.def Info: figures/cloudmeasure/imag_sec2/nodes_deploy.pdf used o
n input line 63.
(pdftex.def)             Requested size: 258.36667pt x 146.63559pt.
 [22 <./figures/cloudmeasure/imag_sec2/nodes_deploy.pdf>])) (./cloudmeasure_who
.tex
(./cloudmeasure_protocols.tex (./cloudmeasure_tables/tab_capture_cloudsplit.tex
LaTeX Font Info:    Font shape `OML/mdbch/m/n' will be
(Font)              scaled to size 10.51207pt on input line 1.
) (./cloudmeasure_tables/tab_capture_protocols.tex) [23])
(./cloudmeasure_global.tex [24]
(./cloudmeasure_tables/tab_cloud-using_alexa.tex)
(./cloudmeasure_tables/tab_top15_subdomains.tex)
(./cloudmeasure_tables/tab_capture_top_combined.tex) [25] [26]))
(./cloudmeasure_how.tex (./cloudmeasure_feature.tex
<figures/cloudmeasure/imag_sec3/subdomain_vm_cdf.pdf, id=1511, 307.04712pt x 19
4.42638pt>
File: figures/cloudmeasure/imag_sec3/subdomain_vm_cdf.pdf Graphic file (type pd
f)
 <use figures/cloudmeasure/imag_sec3/subdomain_vm_cdf.pdf>
Package pdftex.def Info: figures/cloudmeasure/imag_sec3/subdomain_vm_cdf.pdf us
ed on input line 37.
(pdftex.def)             Requested size: 187.89912pt x 118.98558pt.

<figures/cloudmeasure/imag_sec3/subdomain_elb_cdf.pdf, id=1512, 307.04712pt x 1
94.42638pt>
File: figures/cloudmeasure/imag_sec3/subdomain_elb_cdf.pdf Graphic file (type p
df)
 <use figures/cloudmeasure/imag_sec3/subdomain_elb_cdf.pdf>
Package pdftex.def Info: figures/cloudmeasure/imag_sec3/subdomain_elb_cdf.pdf u
sed on input line 42.
(pdftex.def)             Requested size: 187.89912pt x 118.98558pt.

<figures/cloudmeasure/imag_sec3/subdomain_ns_cdf.pdf, id=1513, 298.16393pt x 19
4.52675pt>
File: figures/cloudmeasure/imag_sec3/subdomain_ns_cdf.pdf Graphic file (type pd
f)
 <use figures/cloudmeasure/imag_sec3/subdomain_ns_cdf.pdf>
Package pdftex.def Info: figures/cloudmeasure/imag_sec3/subdomain_ns_cdf.pdf us
ed on input line 53.
(pdftex.def)             Requested size: 234.87749pt x 153.24107pt.
 [27]
[28 <./figures/cloudmeasure/imag_sec3/subdomain_vm_cdf.pdf> <./figures/cloudmea
sure/imag_sec3/subdomain_elb_cdf.pdf> <./figures/cloudmeasure/imag_sec3/subdoma
in_ns_cdf.pdf>] [29] (./cloudmeasure_tables/tab_features_used.tex)
(./cloudmeasure_tables/tab_feature_usage_by_top_alexa.tex) [30])
(./cloudmeasure_region.tex
(./cloudmeasure_tables/tab_regions_used_by_alexa_nopcap.tex)
<./figures/cloudmeasure/imag_sec4/region_cdf_new.pdf, id=1562, 297.21039pt x 19
5.22937pt>
File: ./figures/cloudmeasure/imag_sec4/region_cdf_new.pdf Graphic file (type pd
f)
 <use ./figures/cloudmeasure/imag_sec4/region_cdf_new.pdf>
Package pdftex.def Info: ./figures/cloudmeasure/imag_sec4/region_cdf_new.pdf us
ed on input line 52.
(pdftex.def)             Requested size: 187.89912pt x 123.4271pt.

<./figures/cloudmeasure/imag_sec4/region_cdf_new_avg.pdf, id=1563, 297.21039pt 
x 195.22937pt>
File: ./figures/cloudmeasure/imag_sec4/region_cdf_new_avg.pdf Graphic file (typ
e pdf)
 <use ./figures/cloudmeasure/imag_sec4/region_cdf_new_avg.pdf>
Package pdftex.def Info: ./figures/cloudmeasure/imag_sec4/region_cdf_new_avg.pd
f used on input line 58.
(pdftex.def)             Requested size: 187.89912pt x 123.4271pt.

(./cloudmeasure_tables/tab_domain_deploy.tex
LaTeX Font Info:    Font shape `OT1/ptm/bx/it' in size <10.95> not available
(Font)              Font shape `OT1/ptm/b/it' tried instead on input line 6.
) [31] [32 <./figures/cloudmeasure/imag_sec4/region_cdf_new.pdf> <./figures/clo
udmeasure/imag_sec4/region_cdf_new_avg.pdf>]) (./cloudmeasure_zone.tex [33]
<./figures/cloudmeasure/imag_sec4/zone_cdf_new_fix.pdf, id=1594, 303.62433pt x 
203.159pt>
File: ./figures/cloudmeasure/imag_sec4/zone_cdf_new_fix.pdf Graphic file (type 
pdf)
 <use ./figures/cloudmeasure/imag_sec4/zone_cdf_new_fix.pdf>
Package pdftex.def Info: ./figures/cloudmeasure/imag_sec4/zone_cdf_new_fix.pdf 
used on input line 59.
(pdftex.def)             Requested size: 187.89912pt x 125.73097pt.

<./figures/cloudmeasure/imag_sec4/avg_zone_cdf_new_fix.pdf, id=1595, 303.62433p
t x 203.159pt>
File: ./figures/cloudmeasure/imag_sec4/avg_zone_cdf_new_fix.pdf Graphic file (t
ype pdf)
 <use ./figures/cloudmeasure/imag_sec4/avg_zone_cdf_new_fix.pdf>
Package pdftex.def Info: ./figures/cloudmeasure/imag_sec4/avg_zone_cdf_new_fix.
pdf used on input line 65.
(pdftex.def)             Requested size: 187.89912pt x 125.73097pt.

(./cloudmeasure_tables/tab_domain_deploy_zone.tex) [34]))
(./cloudmeasure_performance.tex [35 <./figures/cloudmeasure/imag_sec4/zone_cdf_
new_fix.pdf> <./figures/cloudmeasure/imag_sec4/avg_zone_cdf_new_fix.pdf>]
<./figures/cloudmeasure/imag_sec5/region_bandwidth.pdf, id=1619, 337.38045pt x 
155.63144pt>
File: ./figures/cloudmeasure/imag_sec5/region_bandwidth.pdf Graphic file (type 
pdf)
 <use ./figures/cloudmeasure/imag_sec5/region_bandwidth.pdf>
Package pdftex.def Info: ./figures/cloudmeasure/imag_sec5/region_bandwidth.pdf 
used on input line 72.
(pdftex.def)             Requested size: 258.36667pt x 119.1835pt.

<./figures/cloudmeasure/imag_sec5/region_latency.pdf, id=1620, 336.97896pt x 16
3.05919pt>
File: ./figures/cloudmeasure/imag_sec5/region_latency.pdf Graphic file (type pd
f)
 <use ./figures/cloudmeasure/imag_sec5/region_latency.pdf>
Package pdftex.def Info: ./figures/cloudmeasure/imag_sec5/region_latency.pdf us
ed on input line 79.
(pdftex.def)             Requested size: 258.36667pt x 125.02101pt.
 [36]
[37 <./figures/cloudmeasure/imag_sec5/region_bandwidth.pdf> <./figures/cloudmea
sure/imag_sec5/region_latency.pdf>]
<./figures/cloudmeasure/imag_sec5/sec5_region_latency_impr_fix.pdf, id=1645, 30
6.14375pt x 216.60925pt>
File: ./figures/cloudmeasure/imag_sec5/sec5_region_latency_impr_fix.pdf Graphic
 file (type pdf)

<use ./figures/cloudmeasure/imag_sec5/sec5_region_latency_impr_fix.pdf>
Package pdftex.def Info: ./figures/cloudmeasure/imag_sec5/sec5_region_latency_i
mpr_fix.pdf used on input line 205.
(pdftex.def)             Requested size: 187.89912pt x 132.9445pt.

<./figures/cloudmeasure/imag_sec5/sec5_region_speed_impr_fix.pdf, id=1646, 306.
30435pt x 209.44247pt>
File: ./figures/cloudmeasure/imag_sec5/sec5_region_speed_impr_fix.pdf Graphic f
ile (type pdf)

<use ./figures/cloudmeasure/imag_sec5/sec5_region_speed_impr_fix.pdf>
Package pdftex.def Info: ./figures/cloudmeasure/imag_sec5/sec5_region_speed_imp
r_fix.pdf used on input line 210.
(pdftex.def)             Requested size: 187.89912pt x 128.48196pt.
 [38 <./figures/cloudmeasure/imag_sec5/sec5_region_latency_impr_fix.pdf> <./fig
ures/cloudmeasure/imag_sec5/sec5_region_speed_impr_fix.pdf>]
(./cloudmeasure_tables/tab_as_diversity.tex))) (./plan.tex [39] [40]) [41]
(./proposal.bbl [42] [43] [44] [45])
Package atveryend Info: Empty hook `BeforeClearDocument' on input line 241.
 [46]
Package atveryend Info: Empty hook `AfterLastShipout' on input line 241.
 (./proposal.aux)
Package atveryend Info: Executing hook `AtVeryEndDocument' on input line 241.
Package atveryend Info: Executing hook `AtEndAfterFileList' on input line 241.
Package rerunfilecheck Info: File `proposal.out' has not changed.
(rerunfilecheck)             Checksum: CE8B95887456D4206C5C8E7779E5A102;3159.
Package atveryend Info: Empty hook `AtVeryVeryEnd' on input line 241.
 )
(\end occurred inside a group at level 1)

### simple group (level 1) entered at line 58 ({)
### bottom level 
Here is how much of TeX's memory you used:
 19009 strings out of 493304
 331864 string characters out of 6139870
 452448 words of memory out of 5000000
 21457 multiletter control sequences out of 15000+600000
 59375 words of font info for 305 fonts, out of 8000000 for 9000
 959 hyphenation exceptions out of 8191
 45i,12n,44p,10495b,873s stack positions out of 5000i,500n,10000p,200000b,80000s
{/usr/share/texlive/texmf-dist/fonts/enc/dvips/base/8r.enc}{/us
r/share/texlive/texmf-dist/fonts/enc/dvips/ly1/texnansi.enc}</usr/share/texlive
/texmf-dist/fonts/type1/bitstrea/charter/bchr8a.pfb></usr/share/texlive/texmf-d
ist/fonts/type1/public/amsfonts/cm/cmr10.pfb></usr/share/texlive/texmf-dist/fon
ts/type1/public/amsfonts/cm/cmr12.pfb></usr/share/texlive/texmf-dist/fonts/type
1/public/amsfonts/cm/cmr8.pfb></usr/share/texlive/texmf-dist/fonts/type1/public
/amsfonts/cm/cmsy10.pfb></usr/share/texlive/texmf-dist/fonts/type1/public/amsfo
nts/cm/cmtt12.pfb></usr/share/texlive/texmf-dist/fonts/type1/public/mathdesign/
mdbch/md-chr7m.pfb></usr/share/texlive/texmf-dist/fonts/type1/urw/courier/ucrr8
a.pfb></usr/share/texlive/texmf-dist/fonts/type1/urw/times/utmb8a.pfb></usr/sha
re/texlive/texmf-dist/fonts/type1/urw/times/utmbi8a.pfb></usr/share/texlive/tex
mf-dist/fonts/type1/urw/times/utmr8a.pfb></usr/share/texlive/texmf-dist/fonts/t
ype1/urw/times/utmri8a.pfb>
Output written on proposal.pdf (50 pages, 1194523 bytes).
PDF statistics:
 1850 PDF objects out of 2073 (max. 8388607)
 1419 compressed objects within 15 object streams
 253 named destinations out of 1000 (max. 500000)
 41406 words of extra memory for PDF output out of 42996 (max. 10000000)

