\BOOKMARK [1][-]{section.1}{Introduction}{}% 1
\BOOKMARK [2][-]{subsection.1.1}{Background and Motivation}{section.1}% 2
\BOOKMARK [2][-]{subsection.1.2}{Research Questions}{section.1}% 3
\BOOKMARK [2][-]{subsection.1.3}{Completed Work}{section.1}% 4
\BOOKMARK [3][-]{subsubsection.1.3.1}{Software edge-based load balancing scheme for fast datacenter networks}{subsection.1.3}% 5
\BOOKMARK [3][-]{subsubsection.1.3.2}{Characterizing web service deployment in public clouds}{subsection.1.3}% 6
\BOOKMARK [2][-]{subsection.1.4}{Proposed Work}{section.1}% 7
\BOOKMARK [3][-]{subsubsection.1.4.1}{Congestion control enforcement for improved datacenter networks}{subsection.1.4}% 8
\BOOKMARK [3][-]{subsubsection.1.4.2}{Datacenter network architecture analysis and exploration}{subsection.1.4}% 9
\BOOKMARK [2][-]{subsection.1.5}{Structure of Thesis Proposal}{section.1}% 10
\BOOKMARK [1][-]{section.2}{Related Work}{}% 11
\BOOKMARK [1][-]{section.3}{Presto: Edge-based Load Balancing for Fast Datacenter Networks}{}% 12
\BOOKMARK [2][-]{subsection.3.1}{Introduction}{section.3}% 13
\BOOKMARK [2][-]{subsection.3.2}{Design Decisions and Challenges}{section.3}% 14
\BOOKMARK [3][-]{subsubsection.3.2.1}{Design Decisions}{subsection.3.2}% 15
\BOOKMARK [3][-]{subsubsection.3.2.2}{Reordering Challenges}{subsection.3.2}% 16
\BOOKMARK [2][-]{subsection.3.3}{Design}{section.3}% 17
\BOOKMARK [3][-]{subsubsection.3.3.1}{Sender}{subsection.3.3}% 18
\BOOKMARK [3][-]{subsubsection.3.3.2}{Receiver}{subsection.3.3}% 19
\BOOKMARK [3][-]{subsubsection.3.3.3}{Failure Handling and Asymmetry}{subsection.3.3}% 20
\BOOKMARK [2][-]{subsection.3.4}{Methodology}{section.3}% 21
\BOOKMARK [2][-]{subsection.3.5}{Evaluation}{section.3}% 22
\BOOKMARK [1][-]{section.4}{Understanding Modern Web Service Deployment in EC2 and Azure}{}% 23
\BOOKMARK [2][-]{subsection.4.1}{Introduction}{section.4}% 24
\BOOKMARK [2][-]{subsection.4.2}{Measurement Scope \046 Datasets}{section.4}% 25
\BOOKMARK [3][-]{subsubsection.4.2.1}{Datasets}{subsection.4.2}% 26
\BOOKMARK [2][-]{subsection.4.3}{Web-Facing Cloud Tenants}{section.4}% 27
\BOOKMARK [3][-]{subsubsection.4.3.1}{Protocols and Services}{subsection.4.3}% 28
\BOOKMARK [3][-]{subsubsection.4.3.2}{Popular Cloud-Using \(Sub\)Domains}{subsection.4.3}% 29
\BOOKMARK [2][-]{subsection.4.4}{Tenants' Deployment Posture}{section.4}% 30
\BOOKMARK [3][-]{subsubsection.4.4.1}{Deployment Patterns}{subsection.4.4}% 31
\BOOKMARK [3][-]{subsubsection.4.4.2}{Region Usage}{subsection.4.4}% 32
\BOOKMARK [3][-]{subsubsection.4.4.3}{Availability Zone Usage}{subsection.4.4}% 33
\BOOKMARK [2][-]{subsection.4.5}{Wide-Area Performance and Fault Tolerance}{section.4}% 34
\BOOKMARK [3][-]{subsubsection.4.5.1}{Wide-area Performance}{subsection.4.5}% 35
\BOOKMARK [3][-]{subsubsection.4.5.2}{ISP Diversity}{subsection.4.5}% 36
\BOOKMARK [1][-]{section.5}{Proposed Work}{}% 37
\BOOKMARK [2][-]{subsection.5.1}{Congestion control enforcement for low latency datacenter networks}{section.5}% 38
\BOOKMARK [2][-]{subsection.5.2}{Datacenter network architecture analysis and exploration}{section.5}% 39
\BOOKMARK [2][-]{subsection.5.3}{Timeline}{section.5}% 40
